2023-11-15 11:48:12 [main] INFO  o.s.t.c.s.AnnotationConfigContextLoaderUtils - Could not detect default configuration classes for test class [com.microservices.practices.twitter.to.kafka.service.TwitterToKafkaServiceApplicationTest]: TwitterToKafkaServiceApplicationTest does not declare any static, non-private, non-final, nested classes annotated with @Configuration.
2023-11-15 11:48:12 [main] INFO  o.s.b.t.c.SpringBootTestContextBootstrapper - Found @SpringBootConfiguration com.microservices.practices.twitter.to.kafka.service.TwitterToKafkaServiceApplication for test class com.microservices.practices.twitter.to.kafka.service.TwitterToKafkaServiceApplicationTest
2023-11-15 11:48:13 [main] INFO  c.m.p.t.t.k.s.TwitterToKafkaServiceApplicationTest - Starting TwitterToKafkaServiceApplicationTest using Java 17.0.9 with PID 40596 (started by 13653 in C:\Users\Learnings\HandsOnPractice\microservices-pracrtices\twitter-to-kafka-service)
2023-11-15 11:48:13 [main] INFO  c.m.p.t.t.k.s.TwitterToKafkaServiceApplicationTest - No active profile set, falling back to 1 default profile: "default"
2023-11-15 11:48:15 [main] INFO  o.a.k.c.admin.AdminClientConfig - AdminClientConfig values: 
	auto.include.jmx.reporter = true
	bootstrap.servers = [localhost:19092, localhost:29092, localhost:39092]
	client.dns.lookup = use_all_dns_ips
	client.id = 
	connections.max.idle.ms = 300000
	default.api.timeout.ms = 60000
	metadata.max.age.ms = 300000
	metric.reporters = []
	metrics.num.samples = 2
	metrics.recording.level = INFO
	metrics.sample.window.ms = 30000
	receive.buffer.bytes = 65536
	reconnect.backoff.max.ms = 1000
	reconnect.backoff.ms = 50
	request.timeout.ms = 30000
	retries = 2147483647
	retry.backoff.ms = 100
	sasl.client.callback.handler.class = null
	sasl.jaas.config = null
	sasl.kerberos.kinit.cmd = /usr/bin/kinit
	sasl.kerberos.min.time.before.relogin = 60000
	sasl.kerberos.service.name = null
	sasl.kerberos.ticket.renew.jitter = 0.05
	sasl.kerberos.ticket.renew.window.factor = 0.8
	sasl.login.callback.handler.class = null
	sasl.login.class = null
	sasl.login.connect.timeout.ms = null
	sasl.login.read.timeout.ms = null
	sasl.login.refresh.buffer.seconds = 300
	sasl.login.refresh.min.period.seconds = 60
	sasl.login.refresh.window.factor = 0.8
	sasl.login.refresh.window.jitter = 0.05
	sasl.login.retry.backoff.max.ms = 10000
	sasl.login.retry.backoff.ms = 100
	sasl.mechanism = GSSAPI
	sasl.oauthbearer.clock.skew.seconds = 30
	sasl.oauthbearer.expected.audience = null
	sasl.oauthbearer.expected.issuer = null
	sasl.oauthbearer.jwks.endpoint.refresh.ms = 3600000
	sasl.oauthbearer.jwks.endpoint.retry.backoff.max.ms = 10000
	sasl.oauthbearer.jwks.endpoint.retry.backoff.ms = 100
	sasl.oauthbearer.jwks.endpoint.url = null
	sasl.oauthbearer.scope.claim.name = scope
	sasl.oauthbearer.sub.claim.name = sub
	sasl.oauthbearer.token.endpoint.url = null
	security.protocol = PLAINTEXT
	security.providers = null
	send.buffer.bytes = 131072
	socket.connection.setup.timeout.max.ms = 30000
	socket.connection.setup.timeout.ms = 10000
	ssl.cipher.suites = null
	ssl.enabled.protocols = [TLSv1.2, TLSv1.3]
	ssl.endpoint.identification.algorithm = https
	ssl.engine.factory.class = null
	ssl.key.password = null
	ssl.keymanager.algorithm = SunX509
	ssl.keystore.certificate.chain = null
	ssl.keystore.key = null
	ssl.keystore.location = null
	ssl.keystore.password = null
	ssl.keystore.type = JKS
	ssl.protocol = TLSv1.3
	ssl.provider = null
	ssl.secure.random.implementation = null
	ssl.trustmanager.algorithm = PKIX
	ssl.truststore.certificates = null
	ssl.truststore.location = null
	ssl.truststore.password = null
	ssl.truststore.type = JKS

2023-11-15 11:48:15 [main] INFO  o.a.kafka.common.utils.AppInfoParser - Kafka version: 3.4.1
2023-11-15 11:48:15 [main] INFO  o.a.kafka.common.utils.AppInfoParser - Kafka commitId: 8a516edc2755df89
2023-11-15 11:48:15 [main] INFO  o.a.kafka.common.utils.AppInfoParser - Kafka startTimeMs: 1700066895511
2023-11-15 11:48:16 [main] INFO  c.m.p.t.t.k.s.TwitterToKafkaServiceApplicationTest - Started TwitterToKafkaServiceApplicationTest in 3.785 seconds (process running for 5.875)
2023-11-15 11:48:16 [main] INFO  c.m.p.t.t.k.s.c.TwitterToKafkaServiceInitializer - Twitter streaming start ......
2023-11-15 11:48:16 [main] INFO  c.m.p.k.a.c.client.KafkaAdminClient - Creating 1 topics(s), attempt 0
2023-11-15 11:48:16 [main] INFO  c.m.p.k.a.c.client.KafkaAdminClient - Created topic [KafkaFuture{value=null,exception=null,done=false}] result
2023-11-15 11:48:16 [main] INFO  c.m.p.k.a.c.client.KafkaAdminClient - Reading kafka topic [twitter-topic], attempt 0
2023-11-15 11:48:17 [main] INFO  c.m.p.k.a.c.client.KafkaAdminClient - Topic with name twitter-topic
2023-11-15 11:48:17 [main] INFO  c.m.p.k.a.c.client.KafkaAdminClient - Topic with name _schemas
2023-11-15 11:48:17 [main] INFO  c.m.p.k.a.c.client.KafkaAdminClient - Topic with name __confluent.support.metrics
2023-11-15 11:48:20 [main] INFO  c.m.p.t.t.k.s.i.StreamInitializationImpl - Topics with name twitter-topic is ready for operations!
2023-11-15 11:48:20 [main] INFO  c.m.p.t.t.k.s.c.MockTwitterToKafkaServiceInitializer - Starting mock filtering twitter streams for keywords [Java, Microservice, Kafka, Elasticsearch]
2023-11-15 11:48:20 [pool-5-thread-1] INFO  c.m.p.t.t.k.s.l.TwitterToKafkaServiceListener - Received status text amet sed sed malesuada dolor adipiscing amet pulvinar Maecenas posuere sending to kafka topic twitter-topic
2023-11-15 11:48:20 [pool-5-thread-1] INFO  c.m.p.k.p.c.s.TwitterKafkaProducer - Sending message='{"userId": 489637268898067790, "id": 573290350700183672, "text": "amet sed sed malesuada dolor adipiscing amet pulvinar Maecenas posuere", "createdAt": 1700066900000}' to topic='twitter-topic'
2023-11-15 11:48:20 [pool-5-thread-1] INFO  o.a.k.c.producer.ProducerConfig - ProducerConfig values: 
	acks = -1
	auto.include.jmx.reporter = true
	batch.size = 1638400
	bootstrap.servers = [localhost:19092, localhost:29092, localhost:39092]
	buffer.memory = 33554432
	client.dns.lookup = use_all_dns_ips
	client.id = producer-1
	compression.type = snappy
	connections.max.idle.ms = 540000
	delivery.timeout.ms = 120000
	enable.idempotence = true
	interceptor.classes = []
	key.serializer = class org.apache.kafka.common.serialization.LongSerializer
	linger.ms = 5
	max.block.ms = 60000
	max.in.flight.requests.per.connection = 5
	max.request.size = 1048576
	metadata.max.age.ms = 300000
	metadata.max.idle.ms = 300000
	metric.reporters = []
	metrics.num.samples = 2
	metrics.recording.level = INFO
	metrics.sample.window.ms = 30000
	partitioner.adaptive.partitioning.enable = true
	partitioner.availability.timeout.ms = 0
	partitioner.class = null
	partitioner.ignore.keys = false
	receive.buffer.bytes = 32768
	reconnect.backoff.max.ms = 1000
	reconnect.backoff.ms = 50
	request.timeout.ms = 60000
	retries = 5
	retry.backoff.ms = 100
	sasl.client.callback.handler.class = null
	sasl.jaas.config = null
	sasl.kerberos.kinit.cmd = /usr/bin/kinit
	sasl.kerberos.min.time.before.relogin = 60000
	sasl.kerberos.service.name = null
	sasl.kerberos.ticket.renew.jitter = 0.05
	sasl.kerberos.ticket.renew.window.factor = 0.8
	sasl.login.callback.handler.class = null
	sasl.login.class = null
	sasl.login.connect.timeout.ms = null
	sasl.login.read.timeout.ms = null
	sasl.login.refresh.buffer.seconds = 300
	sasl.login.refresh.min.period.seconds = 60
	sasl.login.refresh.window.factor = 0.8
	sasl.login.refresh.window.jitter = 0.05
	sasl.login.retry.backoff.max.ms = 10000
	sasl.login.retry.backoff.ms = 100
	sasl.mechanism = GSSAPI
	sasl.oauthbearer.clock.skew.seconds = 30
	sasl.oauthbearer.expected.audience = null
	sasl.oauthbearer.expected.issuer = null
	sasl.oauthbearer.jwks.endpoint.refresh.ms = 3600000
	sasl.oauthbearer.jwks.endpoint.retry.backoff.max.ms = 10000
	sasl.oauthbearer.jwks.endpoint.retry.backoff.ms = 100
	sasl.oauthbearer.jwks.endpoint.url = null
	sasl.oauthbearer.scope.claim.name = scope
	sasl.oauthbearer.sub.claim.name = sub
	sasl.oauthbearer.token.endpoint.url = null
	security.protocol = PLAINTEXT
	security.providers = null
	send.buffer.bytes = 131072
	socket.connection.setup.timeout.max.ms = 30000
	socket.connection.setup.timeout.ms = 10000
	ssl.cipher.suites = null
	ssl.enabled.protocols = [TLSv1.2, TLSv1.3]
	ssl.endpoint.identification.algorithm = https
	ssl.engine.factory.class = null
	ssl.key.password = null
	ssl.keymanager.algorithm = SunX509
	ssl.keystore.certificate.chain = null
	ssl.keystore.key = null
	ssl.keystore.location = null
	ssl.keystore.password = null
	ssl.keystore.type = JKS
	ssl.protocol = TLSv1.3
	ssl.provider = null
	ssl.secure.random.implementation = null
	ssl.trustmanager.algorithm = PKIX
	ssl.truststore.certificates = null
	ssl.truststore.location = null
	ssl.truststore.password = null
	ssl.truststore.type = JKS
	transaction.timeout.ms = 60000
	transactional.id = null
	value.serializer = class io.confluent.kafka.serializers.KafkaAvroSerializer

2023-11-15 11:48:21 [pool-5-thread-1] INFO  i.c.k.s.KafkaAvroSerializerConfig - KafkaAvroSerializerConfig values: 
	bearer.auth.token = [hidden]
	proxy.port = -1
	schema.reflection = false
	auto.register.schemas = true
	max.schemas.per.subject = 1000
	basic.auth.credentials.source = URL
	value.subject.name.strategy = class io.confluent.kafka.serializers.subject.TopicNameStrategy
	schema.registry.url = [http://localhost:8081]
	basic.auth.user.info = [hidden]
	proxy.host = 
	use.latest.version = false
	schema.registry.basic.auth.user.info = [hidden]
	bearer.auth.credentials.source = STATIC_TOKEN
	key.subject.name.strategy = class io.confluent.kafka.serializers.subject.TopicNameStrategy

2023-11-15 11:48:21 [pool-5-thread-1] INFO  o.a.k.clients.producer.KafkaProducer - [Producer clientId=producer-1] Instantiated an idempotent producer.
2023-11-15 11:48:21 [pool-5-thread-1] INFO  o.a.kafka.common.utils.AppInfoParser - Kafka version: 3.4.1
2023-11-15 11:48:21 [pool-5-thread-1] INFO  o.a.kafka.common.utils.AppInfoParser - Kafka commitId: 8a516edc2755df89
2023-11-15 11:48:21 [pool-5-thread-1] INFO  o.a.kafka.common.utils.AppInfoParser - Kafka startTimeMs: 1700066901200
2023-11-15 11:48:21 [kafka-producer-network-thread | producer-1] INFO  o.a.k.c.p.i.TransactionManager - [Producer clientId=producer-1] ProducerId set to 0 with epoch 0
2023-11-15 11:48:21 [kafka-producer-network-thread | producer-1] INFO  org.apache.kafka.clients.Metadata - [Producer clientId=producer-1] Cluster ID: 4XssR_YRSte7ZFPrBhPviQ
2023-11-15 11:48:28 [kafka-admin-client-thread | adminclient-1] INFO  o.a.kafka.common.utils.AppInfoParser - App info kafka.admin.client for adminclient-1 unregistered
2023-11-15 11:48:28 [kafka-admin-client-thread | adminclient-1] INFO  o.a.kafka.common.metrics.Metrics - Metrics scheduler closed
2023-11-15 11:48:28 [kafka-admin-client-thread | adminclient-1] INFO  o.a.kafka.common.metrics.Metrics - Closing reporter org.apache.kafka.common.metrics.JmxReporter
2023-11-15 11:48:28 [kafka-admin-client-thread | adminclient-1] INFO  o.a.kafka.common.metrics.Metrics - Metrics reporters closed
2023-11-15 11:48:28 [SpringApplicationShutdownHook] INFO  c.m.p.k.p.c.s.TwitterKafkaProducer - Closing kafka producer!
2023-11-15 11:48:28 [SpringApplicationShutdownHook] INFO  o.a.k.clients.producer.KafkaProducer - [Producer clientId=producer-1] Closing the Kafka producer with timeoutMillis = 30000 ms.
2023-11-15 11:48:28 [SpringApplicationShutdownHook] INFO  o.a.kafka.common.metrics.Metrics - Metrics scheduler closed
2023-11-15 11:48:28 [SpringApplicationShutdownHook] INFO  o.a.kafka.common.metrics.Metrics - Closing reporter org.apache.kafka.common.metrics.JmxReporter
2023-11-15 11:48:28 [SpringApplicationShutdownHook] INFO  o.a.kafka.common.metrics.Metrics - Metrics reporters closed
2023-11-15 11:48:28 [SpringApplicationShutdownHook] INFO  o.a.kafka.common.utils.AppInfoParser - App info kafka.producer for producer-1 unregistered
